<?xml version="1.0" encoding="UTF-8" standalone="no"?>
<!DOCTYPE log SYSTEM "logger.dtd">
<log>
<record>
  <date>2018-12-10T22:58:48</date>
  <millis>1544493528427</millis>
  <sequence>0</sequence>
  <logger>jMetal</logger>
  <level>INFO</level>
  <class>jmetal.metaheuristics.spea2.SPEA2_ProblemTSP_main</class>
  <method>main</method>
  <thread>1</thread>
  <message>Total execution time: 4459ms</message>
</record>
<record>
  <date>2018-12-10T22:58:48</date>
  <millis>1544493528439</millis>
  <sequence>1</sequence>
  <logger>jMetal</logger>
  <level>INFO</level>
  <class>jmetal.metaheuristics.spea2.SPEA2_ProblemTSP_main</class>
  <method>main</method>
  <thread>1</thread>
  <message>Objectives values have been writen to file FUN_SPEA2</message>
</record>
<record>
  <date>2018-12-10T22:58:48</date>
  <millis>1544493528441</millis>
  <sequence>2</sequence>
  <logger>jMetal</logger>
  <level>INFO</level>
  <class>jmetal.metaheuristics.spea2.SPEA2_ProblemTSP_main</class>
  <method>main</method>
  <thread>1</thread>
  <message>Variables values have been writen to file VAR_SPEA2</message>
</record>
</log>
